2025-10-24 08:25:31 - SyncDeskManager - INFO - ==================================================
2025-10-24 08:25:31 - SyncDeskManager - INFO - 游 INICIANDO SYNC DESK MANAGER
2025-10-24 08:25:31 - SyncDeskManager - INFO - ==================================================
2025-10-24 08:25:31 - SyncDeskManager - INFO - Sistema operativo: Windows 11
2025-10-24 08:25:31 - SyncDeskManager - INFO - Python: 3.12.4
2025-10-24 08:25:31 - SyncDeskManager - INFO - Usuario: usuario
2025-10-24 08:25:31 - SyncDeskManager - INFO - Directorio de trabajo: C:\xampp\htdocs\TDI_Task_Manager
2025-10-24 08:25:31 - SyncDeskManager - INFO - Directorio de logs: c:\xampp\htdocs\TDI_Task_Manager\src\logs
2025-10-24 08:25:31 - SyncDeskManager - INFO - ==================================================
2025-10-24 08:25:34 - SyncDeskManager - INFO - ConfigManager inicializado - Modo vol치til en memoria
2025-10-24 08:25:34 - SyncDeskManager - INFO - Iniciando aplicaci칩n
2025-10-24 08:25:34 - SyncDeskManager - INFO - Datos sensibles limpiados de la memoria
2025-10-24 08:31:14 - SyncDeskManager - INFO - Datos sensibles limpiados de la memoria
2025-10-24 08:31:22 - SyncDeskManager - INFO - ==================================================
2025-10-24 08:31:22 - SyncDeskManager - INFO - 游 INICIANDO SYNC DESK MANAGER
2025-10-24 08:31:22 - SyncDeskManager - INFO - ==================================================
2025-10-24 08:31:22 - SyncDeskManager - INFO - Sistema operativo: Windows 11
2025-10-24 08:31:22 - SyncDeskManager - INFO - Python: 3.12.4
2025-10-24 08:31:22 - SyncDeskManager - INFO - Usuario: usuario
2025-10-24 08:31:22 - SyncDeskManager - INFO - Directorio de trabajo: C:\xampp\htdocs\TDI_Task_Manager
2025-10-24 08:31:22 - SyncDeskManager - INFO - Directorio de logs: c:\xampp\htdocs\TDI_Task_Manager\src\logs
2025-10-24 08:31:22 - SyncDeskManager - INFO - ==================================================
2025-10-24 08:31:23 - SyncDeskManager - INFO - ConfigManager inicializado - Modo vol치til en memoria
2025-10-24 08:31:23 - SyncDeskManager - INFO - Iniciando aplicaci칩n
2025-10-24 08:31:23 - SyncDeskManager - INFO - M칩dulos cargados correctamente
2025-10-24 08:31:23 - SyncDeskManager - INFO - ConfigManager inicializado - Modo vol치til en memoria
2025-10-24 08:31:23 - SyncDeskManager - INFO - FreshdeskService inicializado
2025-10-24 08:31:25 - SyncDeskManager - INFO - Datos sensibles limpiados de la memoria
