2025-10-22 15:10:17 - SyncDeskManager - INFO - ==================================================
2025-10-22 15:10:17 - SyncDeskManager - INFO - 游 INICIANDO SYNC DESK MANAGER
2025-10-22 15:10:17 - SyncDeskManager - INFO - ==================================================
2025-10-22 15:10:17 - SyncDeskManager - INFO - Sistema operativo: Windows 11
2025-10-22 15:10:17 - SyncDeskManager - INFO - Python: 3.12.4
2025-10-22 15:10:17 - SyncDeskManager - INFO - Usuario: usuario
2025-10-22 15:10:17 - SyncDeskManager - INFO - Directorio de trabajo: C:\xampp\htdocs\TDI_Task_Manager
2025-10-22 15:10:17 - SyncDeskManager - INFO - Directorio de logs: c:\xampp\htdocs\TDI_Task_Manager\src\logs
2025-10-22 15:10:17 - SyncDeskManager - INFO - ==================================================
2025-10-22 15:10:23 - SyncDeskManager - INFO - ConfigManager inicializado - Modo vol치til en memoria
2025-10-22 15:10:23 - SyncDeskManager - INFO - Datos sensibles limpiados de la memoria
2025-10-22 15:10:30 - SyncDeskManager - INFO - Datos sensibles limpiados de la memoria
2025-10-22 15:13:25 - SyncDeskManager - INFO - ==================================================
2025-10-22 15:13:25 - SyncDeskManager - INFO - 游 INICIANDO SYNC DESK MANAGER
2025-10-22 15:13:25 - SyncDeskManager - INFO - ==================================================
2025-10-22 15:13:25 - SyncDeskManager - INFO - Sistema operativo: Windows 11
2025-10-22 15:13:25 - SyncDeskManager - INFO - Python: 3.12.4
2025-10-22 15:13:25 - SyncDeskManager - INFO - Usuario: usuario
2025-10-22 15:13:25 - SyncDeskManager - INFO - Directorio de trabajo: C:\xampp\htdocs\TDI_Task_Manager
2025-10-22 15:13:25 - SyncDeskManager - INFO - Directorio de logs: c:\xampp\htdocs\TDI_Task_Manager\src\logs
2025-10-22 15:13:25 - SyncDeskManager - INFO - ==================================================
2025-10-22 15:13:26 - SyncDeskManager - INFO - ConfigManager inicializado - Modo vol치til en memoria
2025-10-22 15:13:26 - SyncDeskManager - INFO - Iniciando aplicaci칩n
2025-10-22 15:13:26 - SyncDeskManager - INFO - M칩dulos cargados correctamente
2025-10-22 15:13:26 - SyncDeskManager - INFO - ConfigManager inicializado - Modo vol치til en memoria
2025-10-22 15:13:26 - SyncDeskManager - INFO - FreshdeskService inicializado
2025-10-22 15:15:30 - SyncDeskManager - INFO - Datos sensibles limpiados de la memoria
2025-10-22 15:18:53 - SyncDeskManager - INFO - ==================================================
2025-10-22 15:18:53 - SyncDeskManager - INFO - 游 INICIANDO SYNC DESK MANAGER
2025-10-22 15:18:53 - SyncDeskManager - INFO - ==================================================
2025-10-22 15:18:53 - SyncDeskManager - INFO - Sistema operativo: Windows 11
2025-10-22 15:18:53 - SyncDeskManager - INFO - Python: 3.12.4
2025-10-22 15:18:53 - SyncDeskManager - INFO - Usuario: usuario
2025-10-22 15:18:53 - SyncDeskManager - INFO - Directorio de trabajo: C:\xampp\htdocs\TDI_Task_Manager
2025-10-22 15:18:53 - SyncDeskManager - INFO - Directorio de logs: c:\xampp\htdocs\TDI_Task_Manager\src\logs
2025-10-22 15:18:53 - SyncDeskManager - INFO - ==================================================
2025-10-22 15:18:55 - SyncDeskManager - INFO - ConfigManager inicializado - Modo vol치til en memoria
2025-10-22 15:18:55 - SyncDeskManager - INFO - Iniciando aplicaci칩n
2025-10-22 15:18:55 - SyncDeskManager - INFO - M칩dulos cargados correctamente
2025-10-22 15:18:55 - SyncDeskManager - INFO - ConfigManager inicializado - Modo vol치til en memoria
2025-10-22 15:18:55 - SyncDeskManager - INFO - FreshdeskService inicializado
2025-10-22 15:19:34 - SyncDeskManager - INFO - Datos sensibles limpiados de la memoria
2025-10-22 15:19:37 - SyncDeskManager - INFO - ==================================================
2025-10-22 15:19:37 - SyncDeskManager - INFO - 游 INICIANDO SYNC DESK MANAGER
2025-10-22 15:19:37 - SyncDeskManager - INFO - ==================================================
2025-10-22 15:19:38 - SyncDeskManager - INFO - Sistema operativo: Windows 11
2025-10-22 15:19:38 - SyncDeskManager - INFO - Python: 3.12.4
2025-10-22 15:19:38 - SyncDeskManager - INFO - Usuario: usuario
2025-10-22 15:19:38 - SyncDeskManager - INFO - Directorio de trabajo: C:\xampp\htdocs\TDI_Task_Manager
2025-10-22 15:19:38 - SyncDeskManager - INFO - Directorio de logs: c:\xampp\htdocs\TDI_Task_Manager\src\logs
2025-10-22 15:19:38 - SyncDeskManager - INFO - ==================================================
2025-10-22 15:19:39 - SyncDeskManager - INFO - ConfigManager inicializado - Modo vol치til en memoria
2025-10-22 15:19:39 - SyncDeskManager - INFO - Iniciando aplicaci칩n
2025-10-22 15:19:39 - SyncDeskManager - INFO - M칩dulos cargados correctamente
2025-10-22 15:19:39 - SyncDeskManager - INFO - ConfigManager inicializado - Modo vol치til en memoria
2025-10-22 15:19:39 - SyncDeskManager - INFO - FreshdeskService inicializado
2025-10-22 15:21:49 - SyncDeskManager - INFO - Datos sensibles limpiados de la memoria
