2025-10-21 10:24:16,525 - SyncDeskManager - INFO - Sistema de logging inicializado
2025-10-21 10:24:16,525 - SyncDeskManager - INFO - ============================================================
2025-10-21 10:24:16,526 - SyncDeskManager - INFO -  DIAGNSTICO DEL SISTEMA
2025-10-21 10:24:16,526 - SyncDeskManager - INFO - ============================================================
2025-10-21 10:24:16,715 - SyncDeskManager - INFO - Sistema: Windows 11
2025-10-21 10:24:16,715 - SyncDeskManager - INFO - Python: 3.12.4
2025-10-21 10:24:16,715 - SyncDeskManager - INFO - Directorio: C:\xampp\htdocs\TDI_Task_Manager\release-package
2025-10-21 10:24:16,716 - SyncDeskManager - INFO - Ejecutable: C:\xampp\htdocs\TDI_Task_Manager\release-package\SyncDeskManager.exe
2025-10-21 10:24:16,716 - SyncDeskManager - INFO - Args: ['C:\\xampp\\htdocs\\TDI_Task_Manager\\release-package\\SyncDeskManager.exe']
2025-10-21 10:24:16,717 - SyncDeskManager - INFO - Plataforma: win32
2025-10-21 10:24:16,717 - SyncDeskManager - INFO - ============================================================
2025-10-21 10:24:16,720 - SyncDeskManager - DEBUG - No se encontraron logs antiguos para eliminar
2025-10-21 10:24:17,359 - SyncDeskManager - INFO - ConfigManager inicializado - Modo vol谩til en memoria
2025-10-21 10:24:17,361 - SyncDeskManager - INFO - Iniciando aplicaci贸n
2025-10-21 10:24:17,369 - SyncDeskManager - INFO - M贸dulos cargados correctamente
2025-10-21 10:24:17,370 - SyncDeskManager - INFO - ConfigManager inicializado - Modo vol谩til en memoria
2025-10-21 10:24:17,370 - SyncDeskManager - INFO - FreshdeskService inicializado
2025-10-21 10:24:19,743 - SyncDeskManager - INFO - Datos sensibles limpiados de la memoria
2025-10-21 10:39:35,688 - SyncDeskManager - INFO - Sistema de logging inicializado
2025-10-21 10:39:35,688 - SyncDeskManager - INFO - ============================================================
2025-10-21 10:39:35,689 - SyncDeskManager - INFO -  DIAGNSTICO DEL SISTEMA
2025-10-21 10:39:35,689 - SyncDeskManager - INFO - ============================================================
2025-10-21 10:39:35,843 - SyncDeskManager - INFO - Sistema: Windows 11
2025-10-21 10:39:35,843 - SyncDeskManager - INFO - Python: 3.12.4
2025-10-21 10:39:35,844 - SyncDeskManager - INFO - Directorio: C:\xampp\htdocs\TDI_Task_Manager\release-package
2025-10-21 10:39:35,844 - SyncDeskManager - INFO - Ejecutable: C:\xampp\htdocs\TDI_Task_Manager\release-package\SyncDeskManager.exe
2025-10-21 10:39:35,844 - SyncDeskManager - INFO - Args: ['C:\\xampp\\htdocs\\TDI_Task_Manager\\release-package\\SyncDeskManager.exe']
2025-10-21 10:39:35,844 - SyncDeskManager - INFO - Plataforma: win32
2025-10-21 10:39:35,844 - SyncDeskManager - INFO - ============================================================
2025-10-21 10:39:35,848 - SyncDeskManager - DEBUG - No se encontraron logs antiguos para eliminar
2025-10-21 10:39:36,572 - SyncDeskManager - INFO - ConfigManager inicializado - Modo vol谩til en memoria
2025-10-21 10:39:36,577 - SyncDeskManager - INFO - Iniciando aplicaci贸n
2025-10-21 10:39:36,586 - SyncDeskManager - INFO - M贸dulos cargados correctamente
2025-10-21 10:39:36,589 - SyncDeskManager - INFO - ConfigManager inicializado - Modo vol谩til en memoria
2025-10-21 10:39:36,589 - SyncDeskManager - INFO - FreshdeskService inicializado
2025-10-21 10:40:00,320 - urllib3.connectionpool - DEBUG - Starting new HTTPS connection (1): tdilatam.freshdesk.com:443
2025-10-21 10:40:01,258 - urllib3.connectionpool - DEBUG - https://tdilatam.freshdesk.com:443 "GET /api/v2/tickets/33667 HTTP/1.1" 200 None
2025-10-21 10:40:01,271 - urllib3.connectionpool - DEBUG - Starting new HTTPS connection (1): tdilatam.freshdesk.com:443
2025-10-21 10:40:02,347 - urllib3.connectionpool - DEBUG - https://tdilatam.freshdesk.com:443 "GET /api/v2/tickets/33565 HTTP/1.1" 200 None
2025-10-21 10:40:02,353 - urllib3.connectionpool - DEBUG - Starting new HTTPS connection (1): tdilatam.freshdesk.com:443
2025-10-21 10:40:03,328 - urllib3.connectionpool - DEBUG - https://tdilatam.freshdesk.com:443 "GET /api/v2/tickets/33563 HTTP/1.1" 200 None
2025-10-21 10:40:03,332 - urllib3.connectionpool - DEBUG - Starting new HTTPS connection (1): tdilatam.freshdesk.com:443
2025-10-21 10:40:08,750 - SyncDeskManager - INFO - Datos sensibles limpiados de la memoria
