[2025-10-27 12:56:53] Iniciando main()
[2025-10-27 12:56:55] Importando logger...
[2025-10-27 12:56:55] Logger importado, configurando...
[2025-10-27 12:56:55] Verificando imports críticos...
[2025-10-27 12:56:55] Creando menú principal...
[2025-10-27 12:56:55] ❌ ERROR: Error en main: ClassificationMenu.__init__() missing 1 required positional argument: 'config_manager'
Traceback (most recent call last):
  File "c:\xampp\htdocs\TDI_Task_Manager\src\main.py", line 68, in main
    menu = MainMenu()  # MainMenu ya usa ConfigManager internamente
           ^^^^^^^^^^
  File "c:\xampp\htdocs\TDI_Task_Manager\src\menus\main_menu.py", line 20, in __init__
    self.classification_menu = ClassificationMenu()
                             ^^^^^^^^^^^^^^^^^^^^
TypeError: ClassificationMenu.__init__() missing 1 required positional argument: 'config_manager'

[2025-10-27 12:57:02] Limpiando datos sensibles antes de cerrar...
[2025-10-27 12:57:02] Aplicación cerrada - datos sensibles eliminados
[2025-10-27 13:02:54] Iniciando main()
[2025-10-27 13:02:55] Importando logger...
[2025-10-27 13:02:55] Logger importado, configurando...
[2025-10-27 13:02:55] Verificando imports críticos...
[2025-10-27 13:02:55] Creando menú principal...
[2025-10-27 13:02:55] ❌ ERROR: Error en main: ClassificationMenu.__init__() missing 1 required positional argument: 'config_manager'
Traceback (most recent call last):
  File "c:\xampp\htdocs\TDI_Task_Manager\src\main.py", line 68, in main
    menu = MainMenu()  # MainMenu ya usa ConfigManager internamente
           ^^^^^^^^^^
  File "c:\xampp\htdocs\TDI_Task_Manager\src\menus\main_menu.py", line 20, in __init__
    self.classification_menu = ClassificationMenu()
                             ^^^^^^^^^^^^^^^^^^^^
TypeError: ClassificationMenu.__init__() missing 1 required positional argument: 'config_manager'

[2025-10-27 13:02:58] Limpiando datos sensibles antes de cerrar...
[2025-10-27 13:02:58] Aplicación cerrada - datos sensibles eliminados
[2025-10-27 13:12:54] Iniciando main()
[2025-10-27 13:12:55] Importando logger...
[2025-10-27 13:12:55] Logger importado, configurando...
[2025-10-27 13:12:55] Verificando imports críticos...
[2025-10-27 13:12:55] Creando menú principal...
[2025-10-27 13:12:55] ❌ ERROR: Error en main: 'ConfigManager' object has no attribute 'config'
Traceback (most recent call last):
  File "c:\xampp\htdocs\TDI_Task_Manager\src\main.py", line 68, in main
    menu = MainMenu()  # MainMenu ya usa ConfigManager internamente
           ^^^^^^^^^^
  File "c:\xampp\htdocs\TDI_Task_Manager\src\menus\main_menu.py", line 21, in __init__
    self.classification_menu = ClassificationMenu(
                             ^^^^^^^^^^^^^^^^^^^
  File "c:\xampp\htdocs\TDI_Task_Manager\src\menus\classification_menu.py", line 17, in __init__
    self.pattern_manager = PatternManager(config_manager)
                           ^^^^^^^^^^^^^^^^^^^^^^^^^^^^^^
  File "c:\xampp\htdocs\TDI_Task_Manager\src\features\classification\pattern_manager.py", line 11, in __init__
    self.config = config_manager.config
                  ^^^^^^^^^^^^^^^^^^^^^
AttributeError: 'ConfigManager' object has no attribute 'config'

[2025-10-27 13:13:35] Limpiando datos sensibles antes de cerrar...
[2025-10-27 13:13:35] Aplicación cerrada - datos sensibles eliminados
[2025-10-27 13:18:46] Iniciando main()
[2025-10-27 13:18:48] Importando logger...
[2025-10-27 13:18:48] Logger importado, configurando...
[2025-10-27 13:18:48] Verificando imports críticos...
[2025-10-27 13:18:48] Creando menú principal...
[2025-10-27 13:18:48] ❌ ERROR: Error en main: 'ConfigManager' object has no attribute 'get_config'
Traceback (most recent call last):
  File "c:\xampp\htdocs\TDI_Task_Manager\src\main.py", line 68, in main
    menu = MainMenu()  # MainMenu ya usa ConfigManager internamente
           ^^^^^^^^^^
  File "c:\xampp\htdocs\TDI_Task_Manager\src\menus\main_menu.py", line 21, in __init__
    self.classification_menu = ClassificationMenu(
                             ^^^^^^^^^^^^^^^^^^^
  File "c:\xampp\htdocs\TDI_Task_Manager\src\menus\classification_menu.py", line 17, in __init__
    self.pattern_manager = PatternManager(config_manager)
                           ^^^^^^^^^^^^^^^^^^^^^^^^^^^^^^
  File "c:\xampp\htdocs\TDI_Task_Manager\src\features\classification\pattern_manager.py", line 11, in __init__
    self.config = config_manager.get_config()
                  ^^^^^^^^^^^^^^^^^^^^^^^^^
AttributeError: 'ConfigManager' object has no attribute 'get_config'. Did you mean: 'load_config'?

[2025-10-27 13:18:51] Limpiando datos sensibles antes de cerrar...
[2025-10-27 13:18:51] Aplicación cerrada - datos sensibles eliminados
[2025-10-27 13:32:07] Iniciando main()
[2025-10-27 13:32:08] Importando logger...
[2025-10-27 13:32:08] Logger importado, configurando...
[2025-10-27 13:32:08] Verificando imports críticos...
[2025-10-27 13:32:08] Creando menú principal...
[2025-10-27 13:32:08] Mostrando menú...
[2025-10-27 13:35:12] Aplicación finalizada normalmente
[2025-10-27 13:35:12] Limpiando datos sensibles antes de cerrar...
[2025-10-27 13:35:12] Aplicación cerrada - datos sensibles eliminados
[2025-10-27 13:43:26] Iniciando main()
[2025-10-27 13:43:27] Importando logger...
[2025-10-27 13:43:27] Logger importado, configurando...
[2025-10-27 13:43:27] Verificando imports críticos...
[2025-10-27 13:43:27] Creando menú principal...
[2025-10-27 13:43:27] Mostrando menú...
[2025-10-27 13:46:34] Aplicación finalizada normalmente
[2025-10-27 13:46:34] Limpiando datos sensibles antes de cerrar...
[2025-10-27 13:46:34] Aplicación cerrada - datos sensibles eliminados
[2025-10-27 13:58:28] Iniciando main()
[2025-10-27 13:58:29] Importando logger...
[2025-10-27 13:58:29] Logger importado, configurando...
[2025-10-27 13:58:29] Verificando imports críticos...
[2025-10-27 13:58:29] Creando menú principal...
[2025-10-27 13:58:29] Mostrando menú...
[2025-10-27 14:00:42] Aplicación finalizada normalmente
[2025-10-27 14:00:42] Limpiando datos sensibles antes de cerrar...
[2025-10-27 14:00:42] Aplicación cerrada - datos sensibles eliminados
[2025-10-27 14:07:13] Iniciando main()
[2025-10-27 14:07:14] Importando logger...
[2025-10-27 14:07:14] Logger importado, configurando...
[2025-10-27 14:07:14] Verificando imports críticos...
[2025-10-27 14:07:14] Creando menú principal...
[2025-10-27 14:07:14] Mostrando menú...
[2025-10-27 14:10:41] Aplicación finalizada normalmente
[2025-10-27 14:10:41] Limpiando datos sensibles antes de cerrar...
[2025-10-27 14:10:41] Aplicación cerrada - datos sensibles eliminados
[2025-10-27 14:16:56] Iniciando main()
[2025-10-27 14:16:57] Importando logger...
[2025-10-27 14:16:57] Logger importado, configurando...
[2025-10-27 14:16:57] Verificando imports críticos...
[2025-10-27 14:16:57] Creando menú principal...
[2025-10-27 14:16:57] Mostrando menú...
[2025-10-27 14:48:51] Aplicación finalizada normalmente
[2025-10-27 14:48:51] Limpiando datos sensibles antes de cerrar...
[2025-10-27 14:48:51] Aplicación cerrada - datos sensibles eliminados
[2025-10-27 15:16:17] Iniciando main()
[2025-10-27 15:16:18] Importando logger...
[2025-10-27 15:16:18] Logger importado, configurando...
[2025-10-27 15:16:18] Verificando imports críticos...
[2025-10-27 15:16:18] Creando menú principal...
[2025-10-27 15:16:18] Mostrando menú...
[2025-10-27 15:54:48] Aplicación finalizada normalmente
[2025-10-27 15:54:48] Limpiando datos sensibles antes de cerrar...
[2025-10-27 15:54:48] Aplicación cerrada - datos sensibles eliminados
[2025-10-27 16:00:28] Iniciando main()
[2025-10-27 16:00:29] Importando logger...
[2025-10-27 16:00:29] Logger importado, configurando...
[2025-10-27 16:00:29] Verificando imports críticos...
[2025-10-27 16:00:29] Creando menú principal...
[2025-10-27 16:00:29] Mostrando menú...
[2025-10-27 16:01:11] Aplicación finalizada normalmente
[2025-10-27 16:01:11] Limpiando datos sensibles antes de cerrar...
[2025-10-27 16:01:11] Aplicación cerrada - datos sensibles eliminados
[2025-10-27 16:04:05] Iniciando main()
[2025-10-27 16:04:07] Importando logger...
[2025-10-27 16:04:07] Logger importado, configurando...
[2025-10-27 16:04:07] Verificando imports críticos...
[2025-10-27 16:04:07] Creando menú principal...
[2025-10-27 16:04:07] Mostrando menú...
[2025-10-27 16:04:26] Aplicación finalizada normalmente
[2025-10-27 16:04:26] Limpiando datos sensibles antes de cerrar...
[2025-10-27 16:04:26] Aplicación cerrada - datos sensibles eliminados
