2025-10-14 09:33:30,707 - FreshdeskSystem - INFO - Sistema de logging inicializado
2025-10-14 09:34:03,013 - FreshdeskSystem - INFO - Sistema de logging inicializado
2025-10-14 10:07:41,550 - FreshdeskSystem - INFO - Sistema de logging inicializado
2025-10-14 10:25:40,389 - FreshdeskSystem - INFO - Sistema de logging inicializado
2025-10-14 10:26:01,562 - FreshdeskSystem - INFO - Sistema de logging inicializado
2025-10-14 10:26:02,544 - FreshdeskSystem - INFO -  Iniciando Sistema de Gesti贸n Freshdesk...
2025-10-14 10:26:02,545 - FreshdeskSystem - INFO -  Versi贸n Local
2025-10-14 10:26:02,668 - FreshdeskSystem - INFO - M贸dulos importados correctamente
2025-10-14 10:26:02,670 - FreshdeskSystem - INFO - Configuraci贸n cargada desde: c:\xampp\htdocs\TDI_Task_Manager\data\config\freshdesk_config.json
2025-10-14 10:26:02,671 - FreshdeskSystem - INFO - FreshdeskService inicializado
2025-10-14 11:12:18,231 - FreshdeskSystem - INFO - Sistema de logging inicializado
2025-10-14 11:12:19,102 - FreshdeskSystem - INFO -  Iniciando Sistema de Gesti贸n Freshdesk...
2025-10-14 11:12:19,102 - FreshdeskSystem - INFO -  Versi贸n Local
2025-10-14 11:12:19,116 - FreshdeskSystem - INFO - M贸dulos importados correctamente
2025-10-14 11:12:19,116 - FreshdeskSystem - INFO - Configuraci贸n cargada desde: c:\xampp\htdocs\TDI_Task_Manager\data\config\freshdesk_config.json
2025-10-14 11:12:19,117 - FreshdeskSystem - INFO - FreshdeskService inicializado
2025-10-14 12:02:25,629 - FreshdeskSystem - INFO - Sistema de logging inicializado
2025-10-14 12:02:28,874 - FreshdeskSystem - INFO -  Iniciando Sistema de Gesti贸n Freshdesk...
2025-10-14 12:02:28,874 - FreshdeskSystem - INFO -  Versi贸n Local
2025-10-14 12:02:28,972 - FreshdeskSystem - INFO - M贸dulos importados correctamente
2025-10-14 12:02:28,974 - FreshdeskSystem - INFO - Configuraci贸n cargada desde: c:\xampp\htdocs\TDI_Task_Manager\data\config\freshdesk_config.json
2025-10-14 12:02:28,974 - FreshdeskSystem - INFO - FreshdeskService inicializado
2025-10-14 12:02:57,531 - FreshdeskSystem - INFO - Sistema de logging inicializado
2025-10-14 12:02:58,475 - FreshdeskSystem - INFO -  Iniciando Sistema de Gesti贸n Freshdesk...
2025-10-14 12:02:58,475 - FreshdeskSystem - INFO -  Versi贸n Local
2025-10-14 12:02:58,490 - FreshdeskSystem - INFO - M贸dulos importados correctamente
2025-10-14 12:02:58,491 - FreshdeskSystem - INFO - Configuraci贸n cargada desde: c:\xampp\htdocs\TDI_Task_Manager\data\config\freshdesk_config.json
2025-10-14 12:02:58,491 - FreshdeskSystem - INFO - FreshdeskService inicializado
2025-10-14 12:04:46,023 - FreshdeskSystem - INFO - Sistema de logging inicializado
2025-10-14 12:04:47,013 - FreshdeskSystem - INFO -  Iniciando Sistema de Gesti贸n Freshdesk...
2025-10-14 12:04:47,013 - FreshdeskSystem - INFO -  Versi贸n Local
2025-10-14 12:04:47,064 - FreshdeskSystem - INFO - M贸dulos importados correctamente
2025-10-14 12:04:47,065 - FreshdeskSystem - INFO - Configuraci贸n cargada desde: c:\xampp\htdocs\TDI_Task_Manager\data\config\freshdesk_config.json
2025-10-14 12:04:47,066 - FreshdeskSystem - INFO - FreshdeskService inicializado
2025-10-14 12:08:10,802 - FreshdeskSystem - INFO - Sistema de logging inicializado
2025-10-14 12:08:11,830 - FreshdeskSystem - INFO -  Iniciando Sistema de Gesti贸n Freshdesk...
2025-10-14 12:08:11,831 - FreshdeskSystem - INFO -  Versi贸n Local
2025-10-14 12:08:11,882 - FreshdeskSystem - INFO - M贸dulos importados correctamente
2025-10-14 12:08:11,884 - FreshdeskSystem - INFO - Configuraci贸n cargada desde: c:\xampp\htdocs\TDI_Task_Manager\data\config\freshdesk_config.json
2025-10-14 12:08:11,884 - FreshdeskSystem - INFO - FreshdeskService inicializado
2025-10-14 12:11:17,389 - FreshdeskSystem - INFO - Sistema de logging inicializado
2025-10-14 12:11:18,308 - FreshdeskSystem - INFO -  Iniciando Sistema de Gesti贸n Freshdesk...
2025-10-14 12:11:18,309 - FreshdeskSystem - INFO -  Versi贸n Local
2025-10-14 12:11:18,422 - FreshdeskSystem - INFO - M贸dulos importados correctamente
2025-10-14 12:11:18,423 - FreshdeskSystem - INFO - Configuraci贸n cargada desde: c:\xampp\htdocs\TDI_Task_Manager\data\config\freshdesk_config.json
2025-10-14 12:11:18,423 - FreshdeskSystem - INFO - FreshdeskService inicializado
2025-10-14 12:29:23,590 - FreshdeskSystem - INFO - Sistema de logging inicializado
2025-10-14 12:29:24,571 - FreshdeskSystem - INFO -  Iniciando Sistema de Gesti贸n Freshdesk...
2025-10-14 12:29:24,571 - FreshdeskSystem - INFO -  Versi贸n Local
2025-10-14 12:29:24,620 - FreshdeskSystem - INFO - M贸dulos importados correctamente
2025-10-14 12:29:24,621 - FreshdeskSystem - INFO - Configuraci贸n cargada desde: c:\xampp\htdocs\TDI_Task_Manager\data\config\freshdesk_config.json
2025-10-14 12:29:24,621 - FreshdeskSystem - INFO - FreshdeskService inicializado
2025-10-14 12:30:19,174 - FreshdeskSystem - INFO - Sistema de logging inicializado
2025-10-14 12:30:20,049 - FreshdeskSystem - INFO -  Iniciando Sistema de Gesti贸n Freshdesk...
2025-10-14 12:30:20,049 - FreshdeskSystem - INFO -  Versi贸n Local
2025-10-14 12:30:20,063 - FreshdeskSystem - INFO - M贸dulos importados correctamente
2025-10-14 12:30:20,063 - FreshdeskSystem - INFO - Configuraci贸n cargada desde: c:\xampp\htdocs\TDI_Task_Manager\data\config\freshdesk_config.json
2025-10-14 12:30:20,063 - FreshdeskSystem - INFO - FreshdeskService inicializado
2025-10-14 12:31:46,777 - FreshdeskSystem - INFO - Sistema de logging inicializado
2025-10-14 12:31:47,708 - FreshdeskSystem - INFO -  Iniciando Sistema de Gesti贸n Freshdesk...
2025-10-14 12:31:47,710 - FreshdeskSystem - INFO -  Versi贸n Local
2025-10-14 12:31:47,814 - FreshdeskSystem - INFO - M贸dulos importados correctamente
2025-10-14 12:31:47,815 - FreshdeskSystem - INFO - Configuraci贸n cargada desde: c:\xampp\htdocs\TDI_Task_Manager\data\config\freshdesk_config.json
2025-10-14 12:31:47,815 - FreshdeskSystem - INFO - FreshdeskService inicializado
2025-10-14 14:11:21,770 - FreshdeskSystem - INFO - Sistema de logging inicializado
2025-10-14 14:11:23,044 - FreshdeskSystem - INFO -  Iniciando Sistema de Gesti贸n Freshdesk...
2025-10-14 14:11:23,044 - FreshdeskSystem - INFO -  Versi贸n Local
2025-10-14 14:11:23,127 - FreshdeskSystem - INFO - M贸dulos importados correctamente
2025-10-14 14:11:23,127 - FreshdeskSystem - INFO - Configuraci贸n cargada desde: c:\xampp\htdocs\TDI_Task_Manager\data\config\freshdesk_config.json
2025-10-14 14:11:23,128 - FreshdeskSystem - INFO - FreshdeskService inicializado
2025-10-14 16:06:47,888 - FreshdeskSystem - INFO - Sistema de logging inicializado
2025-10-14 16:06:49,103 - FreshdeskSystem - INFO -  Iniciando Sistema de Gesti贸n Freshdesk...
2025-10-14 16:06:49,103 - FreshdeskSystem - INFO -  Versi贸n Local
2025-10-14 16:06:49,209 - FreshdeskSystem - INFO - M贸dulos importados correctamente
2025-10-14 16:06:49,210 - FreshdeskSystem - INFO - Configuraci贸n cargada desde: c:\xampp\htdocs\TDI_Task_Manager\data\config\freshdesk_config.json
2025-10-14 16:06:49,210 - FreshdeskSystem - INFO - FreshdeskService inicializado
2025-10-14 16:38:25,974 - FreshdeskSystem - INFO - Sistema de logging inicializado
2025-10-14 16:38:27,058 - FreshdeskSystem - INFO -  Iniciando Sistema de Gesti贸n Freshdesk...
2025-10-14 16:38:27,058 - FreshdeskSystem - INFO -  Versi贸n Local
2025-10-14 16:38:27,106 - FreshdeskSystem - INFO - M贸dulos importados correctamente
2025-10-14 16:38:27,107 - FreshdeskSystem - INFO - Configuraci贸n cargada desde: c:\xampp\htdocs\TDI_Task_Manager\data\config\freshdesk_config.json
2025-10-14 16:38:27,107 - FreshdeskSystem - INFO - FreshdeskService inicializado
