2025-10-20 08:27:36,481 - SyncDeskManager - INFO - Sistema de logging inicializado
2025-10-20 08:27:41,045 - SyncDeskManager - INFO -  Iniciando SyncDesk Manager...
2025-10-20 08:27:41,047 - SyncDeskManager - INFO -  Versi贸n Local
2025-10-20 08:27:41,077 - SyncDeskManager - INFO - M贸dulos importados correctamente
2025-10-20 08:27:41,089 - SyncDeskManager - INFO - Configuraci贸n cargada desde: c:\xampp\htdocs\TDI_Task_Manager\data\config\freshdesk_config.json
2025-10-20 08:27:41,089 - SyncDeskManager - INFO - FreshdeskService inicializado
2025-10-20 10:12:20,473 - SyncDeskManager - INFO - Sistema de logging inicializado
2025-10-20 10:13:55,207 - SyncDeskManager - INFO - Sistema de logging inicializado
2025-10-20 10:17:19,388 - SyncDeskManager - INFO - Sistema de logging inicializado
2025-10-20 10:29:32,971 - SyncDeskManager - INFO - Sistema de logging inicializado
2025-10-20 10:30:11,590 - SyncDeskManager - INFO - Sistema de logging inicializado
2025-10-20 10:51:04,455 - SyncDeskManager - INFO - Sistema de logging inicializado
2025-10-20 10:59:13,427 - SyncDeskManager - INFO - Sistema de logging inicializado
2025-10-20 11:09:07,738 - SyncDeskManager - INFO - Sistema de logging inicializado
2025-10-20 11:09:07,739 - SyncDeskManager - ERROR - Error en diagn贸stico del sistema: No module named 'psutil'
Traceback (most recent call last):
  File "C:\xampp\htdocs\TDI_Task_Manager\src\utils\logger.py", line 179, in log_system_diagnostics
    import psutil
ModuleNotFoundError: No module named 'psutil'
2025-10-20 11:09:07,742 - SyncDeskManager - DEBUG - No se encontraron logs antiguos para eliminar
